Release 8.1i - xst I.24
Copyright (c) 1995-2005 Xilinx, Inc.  All rights reserved.
--> Parameter TMPDIR set to ./xst/projnav.tmp
CPU : 0.00 / 0.13 s | Elapsed : 0.00 / 0.00 s
 
--> Parameter xsthdpdir set to ./xst
CPU : 0.00 / 0.13 s | Elapsed : 0.00 / 0.00 s
 
--> Reading design: Decade.prj

TABLE OF CONTENTS
  1) Synthesis Options Summary
  2) HDL Compilation
  3) HDL Analysis
  4) HDL Synthesis
     4.1) HDL Synthesis Report
  5) Advanced HDL Synthesis
     5.1) Advanced HDL Synthesis Report
  6) Low Level Synthesis
  7) Final Report
     7.1) Device utilization summary
     7.2) TIMING REPORT


=========================================================================
*                      Synthesis Options Summary                        *
=========================================================================
---- Source Parameters
Input File Name                    : "Decade.prj"
Input Format                       : mixed
Ignore Synthesis Constraint File   : NO

---- Target Parameters
Output File Name                   : "Decade"
Output Format                      : NGC
Target Device                      : xa3s50-4-vqg100

---- Source Options
Top Module Name                    : Decade
Automatic FSM Extraction           : YES
FSM Encoding Algorithm             : Auto
FSM Style                          : lut
RAM Extraction                     : Yes
RAM Style                          : Auto
ROM Extraction                     : Yes
Mux Style                          : Auto
Decoder Extraction                 : YES
Priority Encoder Extraction        : YES
Shift Register Extraction          : YES
Logical Shifter Extraction         : YES
XOR Collapsing                     : YES
ROM Style                          : Auto
Mux Extraction                     : YES
Resource Sharing                   : YES
Multiplier Style                   : auto
Automatic Register Balancing       : No

---- Target Options
Add IO Buffers                     : YES
Global Maximum Fanout              : 500
Add Generic Clock Buffer(BUFG)     : 8
Register Duplication               : YES
Slice Packing                      : YES
Pack IO Registers into IOBs        : auto
Equivalent register Removal        : YES

---- General Options
Optimization Goal                  : Speed
Optimization Effort                : 1
Keep Hierarchy                     : NO
RTL Output                         : Yes
Global Optimization                : AllClockNets
Write Timing Constraints           : NO
Hierarchy Separator                : /
Bus Delimiter                      : <>
Case Specifier                     : maintain
Slice Utilization Ratio            : 100
Slice Utilization Ratio Delta      : 5

---- Other Options
lso                                : Decade.lso
Read Cores                         : YES
cross_clock_analysis               : NO
verilog2001                        : YES
safe_implementation                : No
Optimize Instantiated Primitives   : NO
use_clock_enable                   : Yes
use_sync_set                       : Yes
use_sync_reset                     : Yes

=========================================================================


=========================================================================
*                          HDL Compilation                              *
=========================================================================
Compiling vhdl file "E:/College/6th Sem/DSD/DSD LAB/3BitUpd/own/DecadeCounter/Decade.vhd" in Library work.
Architecture behavioral of Entity decade is up to date.

=========================================================================
*                            HDL Analysis                               *
=========================================================================
Analyzing Entity <Decade> (Architecture <behavioral>).
Entity <Decade> analyzed. Unit <Decade> generated.


=========================================================================
*                           HDL Synthesis                               *
=========================================================================

Synthesizing Unit <Decade>.
    Related source file is "E:/College/6th Sem/DSD/DSD LAB/3BitUpd/own/DecadeCounter/Decade.vhd".
WARNING:Xst:647 - Input <CLR> is never used.
WARNING:Xst:647 - Input <A> is never used.
    Found 4-bit up counter for signal <t>.
    Summary:
	inferred   1 Counter(s).
Unit <Decade> synthesized.


=========================================================================
HDL Synthesis Report

Macro Statistics
# Counters                                             : 1
 4-bit up counter                                      : 1

=========================================================================

=========================================================================
*                       Advanced HDL Synthesis                          *
=========================================================================


=========================================================================
Advanced HDL Synthesis Report

Macro Statistics
# Counters                                             : 1
 4-bit up counter                                      : 1

=========================================================================

=========================================================================
*                         Low Level Synthesis                           *
=========================================================================
Loading device for application Rf_Device from file '3s50.nph' in environment C:\Xilinx.

Optimizing unit <Decade> ...

Mapping all equations...
Building and optimizing final netlist ...
Found area constraint ratio of 100 (+ 5) on block Decade, actual ratio is 0.

=========================================================================
*                            Final Report                               *
=========================================================================
Final Results
RTL Top Level Output File Name     : Decade.ngr
Top Level Output File Name         : Decade
Output Format                      : NGC
Optimization Goal                  : Speed
Keep Hierarchy                     : NO

Design Statistics
# IOs                              : 8

Cell Usage :
# BELS                             : 6
#      INV                         : 1
#      LUT2                        : 1
#      LUT2_L                      : 1
#      LUT3_L                      : 1
#      LUT4                        : 1
#      LUT4_L                      : 1
# FlipFlops/Latches                : 4
#      FDC                         : 4
# Clock Buffers                    : 1
#      BUFGP                       : 1
# IO Buffers                       : 5
#      IBUF                        : 1
#      OBUF                        : 4
=========================================================================

Device utilization summary:
---------------------------

Selected Device : xa3s50vqg100-4 

 Number of Slices:                       3  out of    768     0%  
 Number of Slice Flip Flops:             4  out of   1536     0%  
 Number of 4 input LUTs:                 5  out of   1536     0%  
 Number of bonded IOBs:                  6  out of     63     9%  
 Number of GCLKs:                        1  out of      8    12%  


=========================================================================
TIMING REPORT

NOTE: THESE TIMING NUMBERS ARE ONLY A SYNTHESIS ESTIMATE.
      FOR ACCURATE TIMING INFORMATION PLEASE REFER TO THE TRACE REPORT
      GENERATED AFTER PLACE-and-ROUTE.

Clock Information:
------------------
-----------------------------------+------------------------+-------+
Clock Signal                       | Clock buffer(FF name)  | Load  |
-----------------------------------+------------------------+-------+
CLK                                | BUFGP                  | 4     |
-----------------------------------+------------------------+-------+

Timing Summary:
---------------
Speed Grade: -4

   Minimum period: 3.278ns (Maximum Frequency: 305.064MHz)
   Minimum input arrival time before clock: No path found
   Maximum output required time after clock: 7.367ns
   Maximum combinational path delay: No path found

Timing Detail:
--------------
All values displayed in nanoseconds (ns)

=========================================================================
Timing constraint: Default period analysis for Clock 'CLK'
  Clock period: 3.278ns (frequency: 305.064MHz)
  Total number of paths / destination ports: 10 / 4
-------------------------------------------------------------------------
Delay:               3.278ns (Levels of Logic = 1)
  Source:            t_0 (FF)
  Destination:       t_0 (FF)
  Source Clock:      CLK rising
  Destination Clock: CLK rising

  Data Path: t_0 to t_0
                                Gate     Net
    Cell:in->out      fanout   Delay   Delay  Logical Name (Net Name)
    ----------------------------------------  ------------
     FDC:C->Q              6   0.720   1.003  t_0 (t_0)
     INV:I->O              1   0.551   0.801  t_Madd__n0000__n00091_INV_0 (t__n0000<0>)
     FDC:D                     0.203          t_0
    ----------------------------------------
    Total                      3.278ns (1.474ns logic, 1.804ns route)
                                       (45.0% logic, 55.0% route)

=========================================================================
Timing constraint: Default OFFSET OUT AFTER for Clock 'CLK'
  Total number of paths / destination ports: 4 / 4
-------------------------------------------------------------------------
Offset:              7.367ns (Levels of Logic = 1)
  Source:            t_0 (FF)
  Destination:       Y<0> (PAD)
  Source Clock:      CLK rising

  Data Path: t_0 to Y<0>
                                Gate     Net
    Cell:in->out      fanout   Delay   Delay  Logical Name (Net Name)
    ----------------------------------------  ------------
     FDC:C->Q              6   0.720   1.003  t_0 (t_0)
     OBUF:I->O                 5.644          Y_0_OBUF (Y<0>)
    ----------------------------------------
    Total                      7.367ns (6.364ns logic, 1.003ns route)
                                       (86.4% logic, 13.6% route)

=========================================================================
CPU : 3.44 / 3.59 s | Elapsed : 3.00 / 3.00 s
 
--> 

Total memory usage is 225540 kilobytes

Number of errors   :    0 (   0 filtered)
Number of warnings :    2 (   0 filtered)
Number of infos    :    0 (   0 filtered)

