 command line:
   ./Wave6down_isim_beh.exe
     -intstyle  ise
     -ipchost  localhost
     -ipcport  50211

Thu May 03 09:16:34 2018

Total Line Count = 745

 Elaboration time 0.015625 sec.

 Estimate current memory usage 152.986 Meg. 

 Total signals 8
 Total nets 6
 Total signal drivers 3
 Total blocks 7
 Total primitive blocks 1
 Total processes 3
ntrace select -o on -n /Wave6down/clk 
ntrace select -o on -n /Wave6down/clr 
ntrace select -o on -n /Wave6down/pre 
ntrace select -o on -n /Wave6down/y 
ntrace start 
run all 
Simulator is doing circuit initialization process.
Finished circuit initialization process.
