Release 8.1i - xst I.24
Copyright (c) 1995-2005 Xilinx, Inc.  All rights reserved.
--> Parameter TMPDIR set to ./xst/projnav.tmp
CPU : 0.00 / 0.14 s | Elapsed : 0.00 / 0.00 s
 
--> Parameter xsthdpdir set to ./xst
CPU : 0.00 / 0.14 s | Elapsed : 0.00 / 0.00 s
 
--> Reading design: Mod6DownCounter.prj

TABLE OF CONTENTS
  1) Synthesis Options Summary
  2) HDL Compilation
  3) HDL Analysis
  4) HDL Synthesis
     4.1) HDL Synthesis Report
  5) Advanced HDL Synthesis
     5.1) Advanced HDL Synthesis Report
  6) Low Level Synthesis
  7) Final Report
     7.1) Device utilization summary
     7.2) TIMING REPORT


=========================================================================
*                      Synthesis Options Summary                        *
=========================================================================
---- Source Parameters
Input File Name                    : "Mod6DownCounter.prj"
Input Format                       : mixed
Ignore Synthesis Constraint File   : NO

---- Target Parameters
Output File Name                   : "Mod6DownCounter"
Output Format                      : NGC
Target Device                      : xa3s50-4-vqg100

---- Source Options
Top Module Name                    : Mod6DownCounter
Automatic FSM Extraction           : YES
FSM Encoding Algorithm             : Auto
FSM Style                          : lut
RAM Extraction                     : Yes
RAM Style                          : Auto
ROM Extraction                     : Yes
Mux Style                          : Auto
Decoder Extraction                 : YES
Priority Encoder Extraction        : YES
Shift Register Extraction          : YES
Logical Shifter Extraction         : YES
XOR Collapsing                     : YES
ROM Style                          : Auto
Mux Extraction                     : YES
Resource Sharing                   : YES
Multiplier Style                   : auto
Automatic Register Balancing       : No

---- Target Options
Add IO Buffers                     : YES
Global Maximum Fanout              : 500
Add Generic Clock Buffer(BUFG)     : 8
Register Duplication               : YES
Slice Packing                      : YES
Pack IO Registers into IOBs        : auto
Equivalent register Removal        : YES

---- General Options
Optimization Goal                  : Speed
Optimization Effort                : 1
Keep Hierarchy                     : NO
RTL Output                         : Yes
Global Optimization                : AllClockNets
Write Timing Constraints           : NO
Hierarchy Separator                : /
Bus Delimiter                      : <>
Case Specifier                     : maintain
Slice Utilization Ratio            : 100
Slice Utilization Ratio Delta      : 5

---- Other Options
lso                                : Mod6DownCounter.lso
Read Cores                         : YES
cross_clock_analysis               : NO
verilog2001                        : YES
safe_implementation                : No
Optimize Instantiated Primitives   : NO
use_clock_enable                   : Yes
use_sync_set                       : Yes
use_sync_reset                     : Yes

=========================================================================


=========================================================================
*                          HDL Compilation                              *
=========================================================================
Compiling vhdl file "E:/College/6th Sem/DSD/DSD LAB/Mod6DownCounter/Mod6DownCounter.vhd" in Library work.
Entity <mod6downcounter> compiled.
Entity <mod6downcounter> (Architecture <behavioral>) compiled.

=========================================================================
*                            HDL Analysis                               *
=========================================================================
Analyzing Entity <Mod6DownCounter> (Architecture <behavioral>).
Entity <Mod6DownCounter> analyzed. Unit <Mod6DownCounter> generated.


=========================================================================
*                           HDL Synthesis                               *
=========================================================================

Synthesizing Unit <Mod6DownCounter>.
    Related source file is "E:/College/6th Sem/DSD/DSD LAB/Mod6DownCounter/Mod6DownCounter.vhd".
INFO:Xst:1608 - Relative priorities of control signals on register <Q> differ from those commonly found in the selected device family. This will result in additional logic around the register.
INFO:Xst:1608 - Relative priorities of control signals on register <Q> differ from those commonly found in the selected device family. This will result in additional logic around the register.
    Found 3-bit down counter for signal <t>.
    Summary:
	inferred   1 Counter(s).
Unit <Mod6DownCounter> synthesized.


=========================================================================
HDL Synthesis Report

Macro Statistics
# Counters                                             : 1
 3-bit down counter                                    : 1

=========================================================================

=========================================================================
*                       Advanced HDL Synthesis                          *
=========================================================================


=========================================================================
Advanced HDL Synthesis Report

Macro Statistics
# Counters                                             : 1
 3-bit down counter                                    : 1
# Registers                                            : 3
 Flip-Flops                                            : 3

=========================================================================

=========================================================================
*                         Low Level Synthesis                           *
=========================================================================
Loading device for application Rf_Device from file '3s50.nph' in environment C:\Xilinx.

Optimizing unit <Mod6DownCounter> ...

Mapping all equations...
Building and optimizing final netlist ...
Found area constraint ratio of 100 (+ 5) on block Mod6DownCounter, actual ratio is 0.

=========================================================================
*                            Final Report                               *
=========================================================================
Final Results
RTL Top Level Output File Name     : Mod6DownCounter.ngr
Top Level Output File Name         : Mod6DownCounter
Output Format                      : NGC
Optimization Goal                  : Speed
Keep Hierarchy                     : NO

Design Statistics
# IOs                              : 6

Cell Usage :
# BELS                             : 7
#      INV                         : 1
#      LUT2                        : 4
#      LUT3_L                      : 2
# FlipFlops/Latches                : 3
#      FDCPE                       : 2
#      FDPE                        : 1
# Clock Buffers                    : 1
#      BUFGP                       : 1
# IO Buffers                       : 5
#      IBUF                        : 2
#      OBUF                        : 3
=========================================================================

Device utilization summary:
---------------------------

Selected Device : xa3s50vqg100-4 

 Number of Slices:                       3  out of    768     0%  
 Number of Slice Flip Flops:             3  out of   1536     0%  
 Number of 4 input LUTs:                 6  out of   1536     0%  
 Number of bonded IOBs:                  6  out of     63     9%  
 Number of GCLKs:                        1  out of      8    12%  


=========================================================================
TIMING REPORT

NOTE: THESE TIMING NUMBERS ARE ONLY A SYNTHESIS ESTIMATE.
      FOR ACCURATE TIMING INFORMATION PLEASE REFER TO THE TRACE REPORT
      GENERATED AFTER PLACE-and-ROUTE.

Clock Information:
------------------
-----------------------------------+------------------------+-------+
Clock Signal                       | Clock buffer(FF name)  | Load  |
-----------------------------------+------------------------+-------+
CLK                                | BUFGP                  | 3     |
-----------------------------------+------------------------+-------+

Timing Summary:
---------------
Speed Grade: -4

   Minimum period: 3.192ns (Maximum Frequency: 313.283MHz)
   Minimum input arrival time before clock: 4.137ns
   Maximum output required time after clock: 7.281ns
   Maximum combinational path delay: No path found

Timing Detail:
--------------
All values displayed in nanoseconds (ns)

=========================================================================
Timing constraint: Default period analysis for Clock 'CLK'
  Clock period: 3.192ns (frequency: 313.283MHz)
  Total number of paths / destination ports: 7 / 3
-------------------------------------------------------------------------
Delay:               3.192ns (Levels of Logic = 1)
  Source:            t_0 (FF)
  Destination:       t_0 (FF)
  Source Clock:      CLK rising
  Destination Clock: CLK rising

  Data Path: t_0 to t_0
                                Gate     Net
    Cell:in->out      fanout   Delay   Delay  Logical Name (Net Name)
    ----------------------------------------  ------------
     FDCPE:C->Q            4   0.720   0.917  t_0 (t_0)
     INV:I->O              1   0.551   0.801  t__n0001<0>1_INV_0 (t__n0001<0>)
     FDCPE:D                   0.203          t_0
    ----------------------------------------
    Total                      3.192ns (1.474ns logic, 1.718ns route)
                                       (46.2% logic, 53.8% route)

=========================================================================
Timing constraint: Default OFFSET IN BEFORE for Clock 'CLK'
  Total number of paths / destination ports: 6 / 3
-------------------------------------------------------------------------
Offset:              4.137ns (Levels of Logic = 2)
  Source:            CLR (PAD)
  Destination:       t_2 (FF)
  Destination Clock: CLK rising

  Data Path: CLR to t_2
                                Gate     Net
    Cell:in->out      fanout   Delay   Delay  Logical Name (Net Name)
    ----------------------------------------  ------------
     IBUF:I->O             4   0.821   1.256  CLR_IBUF (CLR_IBUF)
     LUT2:I0->O            3   0.551   0.907  _n00061 (_n0006)
     FDCPE:CE                  0.602          t_2
    ----------------------------------------
    Total                      4.137ns (1.974ns logic, 2.163ns route)
                                       (47.7% logic, 52.3% route)

=========================================================================
Timing constraint: Default OFFSET OUT AFTER for Clock 'CLK'
  Total number of paths / destination ports: 3 / 3
-------------------------------------------------------------------------
Offset:              7.281ns (Levels of Logic = 1)
  Source:            t_0 (FF)
  Destination:       Y<0> (PAD)
  Source Clock:      CLK rising

  Data Path: t_0 to Y<0>
                                Gate     Net
    Cell:in->out      fanout   Delay   Delay  Logical Name (Net Name)
    ----------------------------------------  ------------
     FDCPE:C->Q            4   0.720   0.917  t_0 (t_0)
     OBUF:I->O                 5.644          Y_0_OBUF (Y<0>)
    ----------------------------------------
    Total                      7.281ns (6.364ns logic, 0.917ns route)
                                       (87.4% logic, 12.6% route)

=========================================================================
CPU : 4.41 / 4.58 s | Elapsed : 4.00 / 4.00 s
 
--> 

Total memory usage is 229656 kilobytes

Number of errors   :    0 (   0 filtered)
Number of warnings :    0 (   0 filtered)
Number of infos    :    2 (   0 filtered)

