 command line:
   ./PIPOwave_isim_beh.exe
     -intstyle  ise
     -ipchost  localhost
     -ipcport  50866

Thu Apr 05 09:14:22 2018

Total Line Count = 758

 Elaboration time 0.015625 sec.

 Estimate current memory usage 152.961 Meg. 

 Total signals 10
 Total nets 11
 Total signal drivers 5
 Total blocks 7
 Total primitive blocks 1
 Total processes 3
ntrace select -o on -n /PIPOwave/pre 
ntrace select -o on -n /PIPOwave/clr 
ntrace select -o on -n /PIPOwave/clk 
ntrace select -o on -n /PIPOwave/pin 
ntrace select -o on -n /PIPOwave/pout 
ntrace start 
run all 
Simulator is doing circuit initialization process.
Finished circuit initialization process.
