 command line:
   ./HA_Wave_isim_beh.exe
     -intstyle  ise
     -ipchost  localhost
     -ipcport  61900

Sun Jan 14 13:16:55 2018

Total Line Count = 73

 Elaboration time 0.015625 sec.

 Estimate current memory usage 107.786 Meg. 

 Total signals 20
 Total nets 12
 Total signal drivers 7
 Total blocks 7
 Total primitive blocks 5
 Total processes 11
ntrace select -o on -n /HA_Wave/CARRY 
ntrace select -o on -n /HA_Wave/SUM 
ntrace select -o on -n /HA_Wave/A 
ntrace select -o on -n /HA_Wave/B 
ntrace select -o on -n /HA_Wave/TX_FILE 
ntrace select -o on -n /HA_Wave/TX_ERROR 
ntrace start 
run all 
Simulator is doing circuit initialization process.
Finished circuit initialization process.
