Release 8.1i - xst I.24
Copyright (c) 1995-2005 Xilinx, Inc.  All rights reserved.
--> Parameter TMPDIR set to ./xst/projnav.tmp
CPU : 0.00 / 0.17 s | Elapsed : 0.00 / 0.00 s
 
--> Parameter xsthdpdir set to ./xst
CPU : 0.00 / 0.17 s | Elapsed : 0.00 / 0.00 s
 
--> Reading design: FullSubtractor.prj

TABLE OF CONTENTS
  1) Synthesis Options Summary
  2) HDL Compilation
  3) HDL Analysis
  4) HDL Synthesis
     4.1) HDL Synthesis Report
  5) Advanced HDL Synthesis
     5.1) Advanced HDL Synthesis Report
  6) Low Level Synthesis
  7) Final Report
     7.1) Device utilization summary
     7.2) TIMING REPORT


=========================================================================
*                      Synthesis Options Summary                        *
=========================================================================
---- Source Parameters
Input File Name                    : "FullSubtractor.prj"
Input Format                       : mixed
Ignore Synthesis Constraint File   : NO

---- Target Parameters
Output File Name                   : "FullSubtractor"
Output Format                      : NGC
Target Device                      : xa3s50-4-vqg100

---- Source Options
Top Module Name                    : FullSubtractor
Automatic FSM Extraction           : YES
FSM Encoding Algorithm             : Auto
FSM Style                          : lut
RAM Extraction                     : Yes
RAM Style                          : Auto
ROM Extraction                     : Yes
Mux Style                          : Auto
Decoder Extraction                 : YES
Priority Encoder Extraction        : YES
Shift Register Extraction          : YES
Logical Shifter Extraction         : YES
XOR Collapsing                     : YES
ROM Style                          : Auto
Mux Extraction                     : YES
Resource Sharing                   : YES
Multiplier Style                   : auto
Automatic Register Balancing       : No

---- Target Options
Add IO Buffers                     : YES
Global Maximum Fanout              : 500
Add Generic Clock Buffer(BUFG)     : 8
Register Duplication               : YES
Slice Packing                      : YES
Pack IO Registers into IOBs        : auto
Equivalent register Removal        : YES

---- General Options
Optimization Goal                  : Speed
Optimization Effort                : 1
Keep Hierarchy                     : NO
RTL Output                         : Yes
Global Optimization                : AllClockNets
Write Timing Constraints           : NO
Hierarchy Separator                : /
Bus Delimiter                      : <>
Case Specifier                     : maintain
Slice Utilization Ratio            : 100
Slice Utilization Ratio Delta      : 5

---- Other Options
lso                                : FullSubtractor.lso
Read Cores                         : YES
cross_clock_analysis               : NO
verilog2001                        : YES
safe_implementation                : No
Optimize Instantiated Primitives   : NO
use_clock_enable                   : Yes
use_sync_set                       : Yes
use_sync_reset                     : Yes

=========================================================================


=========================================================================
*                          HDL Compilation                              *
=========================================================================
Compiling vhdl file "E:/College/6th Sem/DSD LAB/FullSubtractorVHDL/FullSubtractor.vhd" in Library work.
Entity <fullsubtractor> compiled.
Entity <fullsubtractor> (Architecture <behavioral>) compiled.

=========================================================================
*                            HDL Analysis                               *
=========================================================================
Analyzing Entity <FullSubtractor> (Architecture <behavioral>).
Entity <FullSubtractor> analyzed. Unit <FullSubtractor> generated.


=========================================================================
*                           HDL Synthesis                               *
=========================================================================

Synthesizing Unit <FullSubtractor>.
    Related source file is "E:/College/6th Sem/DSD LAB/FullSubtractorVHDL/FullSubtractor.vhd".
    Found 1-bit xor3 for signal <DIFFERENCE>.
    Summary:
	inferred   1 Xor(s).
Unit <FullSubtractor> synthesized.


=========================================================================
HDL Synthesis Report

Macro Statistics
# Xors                                                 : 1
 1-bit xor3                                            : 1

=========================================================================

=========================================================================
*                       Advanced HDL Synthesis                          *
=========================================================================


=========================================================================
Advanced HDL Synthesis Report

Macro Statistics
# Xors                                                 : 1
 1-bit xor3                                            : 1

=========================================================================

=========================================================================
*                         Low Level Synthesis                           *
=========================================================================
Loading device for application Rf_Device from file '3s50.nph' in environment C:\Xilinx.

Optimizing unit <FullSubtractor> ...

Mapping all equations...
Building and optimizing final netlist ...
Found area constraint ratio of 100 (+ 5) on block FullSubtractor, actual ratio is 0.

=========================================================================
*                            Final Report                               *
=========================================================================
Final Results
RTL Top Level Output File Name     : FullSubtractor.ngr
Top Level Output File Name         : FullSubtractor
Output Format                      : NGC
Optimization Goal                  : Speed
Keep Hierarchy                     : NO

Design Statistics
# IOs                              : 5

Cell Usage :
# BELS                             : 2
#      LUT3                        : 2
# IO Buffers                       : 5
#      IBUF                        : 3
#      OBUF                        : 2
=========================================================================

Device utilization summary:
---------------------------

Selected Device : xa3s50vqg100-4 

 Number of Slices:                       1  out of    768     0%  
 Number of 4 input LUTs:                 2  out of   1536     0%  
 Number of bonded IOBs:                  5  out of     63     7%  


=========================================================================
TIMING REPORT

NOTE: THESE TIMING NUMBERS ARE ONLY A SYNTHESIS ESTIMATE.
      FOR ACCURATE TIMING INFORMATION PLEASE REFER TO THE TRACE REPORT
      GENERATED AFTER PLACE-and-ROUTE.

Clock Information:
------------------
No clock signals found in this design

Timing Summary:
---------------
Speed Grade: -4

   Minimum period: No path found
   Minimum input arrival time before clock: No path found
   Maximum output required time after clock: No path found
   Maximum combinational path delay: 9.033ns

Timing Detail:
--------------
All values displayed in nanoseconds (ns)

=========================================================================
Timing constraint: Default path analysis
  Total number of paths / destination ports: 6 / 2
-------------------------------------------------------------------------
Delay:               9.033ns (Levels of Logic = 3)
  Source:            A (PAD)
  Destination:       DIFFERENCE (PAD)

  Data Path: A to DIFFERENCE
                                Gate     Net
    Cell:in->out      fanout   Delay   Delay  Logical Name (Net Name)
    ----------------------------------------  ------------
     IBUF:I->O             2   0.821   1.216  A_IBUF (A_IBUF)
     LUT3:I0->O            1   0.551   0.801  FullSubtractor_0_xo<1>1 (DIFFERENCE_OBUF)
     OBUF:I->O                 5.644          DIFFERENCE_OBUF (DIFFERENCE)
    ----------------------------------------
    Total                      9.033ns (7.016ns logic, 2.017ns route)
                                       (77.7% logic, 22.3% route)

=========================================================================
CPU : 6.47 / 6.68 s | Elapsed : 6.00 / 6.00 s
 
--> 

Total memory usage is 209220 kilobytes

Number of errors   :    0 (   0 filtered)
Number of warnings :    0 (   0 filtered)
Number of infos    :    0 (   0 filtered)

