 command line:
   ./WaveDecoder_isim_beh.exe
     -intstyle  ise
     -ipchost  localhost
     -ipcport  58330

Tue Feb 06 20:50:47 2018

Total Line Count = 793

 Elaboration time 0 sec.

 Estimate current memory usage 149.75 Meg. 

 Total signals 22
 Total nets 8
 Total signal drivers 7
 Total blocks 13
 Total primitive blocks 6
 Total processes 7
ntrace select -o on -m / -l this 
ntrace start 
run all 
Simulator is doing circuit initialization process.
Finished circuit initialization process.
